<?xml version="1.0" encoding="UTF-8"?>
<testsuite xmlns:xsi="http://www.w3.org/2001/XMLSchema-instance" xsi:noNamespaceSchemaLocation="https://maven.apache.org/surefire/maven-surefire-plugin/xsd/surefire-test-report-3.0.xsd" version="3.0" name="TestSuite" time="0.655" tests="2" errors="0" skipped="0" failures="1">
  <properties>
    <property name="gopherProxySet" value="false"/>
    <property name="awt.toolkit" value="sun.lwawt.macosx.LWCToolkit"/>
    <property name="file.encoding.pkg" value="sun.io"/>
    <property name="java.specification.version" value="1.8"/>
    <property name="sun.cpu.isalist" value=""/>
    <property name="sun.jnu.encoding" value="UTF-8"/>
    <property name="java.class.path" value="/Users/rahulmendiratta/Documents/WorkSpace/restAssuredOffice/RestAssuredofficeProject/target/test-classes:/Users/rahulmendiratta/Documents/WorkSpace/restAssuredOffice/RestAssuredofficeProject/target/classes:/Users/rahulmendiratta/.m2/repository/org/testng/testng/6.11/testng-6.11.jar:/Users/rahulmendiratta/.m2/repository/com/beust/jcommander/1.64/jcommander-1.64.jar:/Users/rahulmendiratta/.m2/repository/org/yaml/snakeyaml/1.17/snakeyaml-1.17.jar:/Users/rahulmendiratta/.m2/repository/org/uncommons/reportng/1.1.4/reportng-1.1.4.jar:/Users/rahulmendiratta/.m2/repository/velocity/velocity/1.4/velocity-1.4.jar:/Users/rahulmendiratta/.m2/repository/velocity/velocity-dep/1.4/velocity-dep-1.4.jar:/Users/rahulmendiratta/.m2/repository/io/rest-assured/rest-assured/3.3.0/rest-assured-3.3.0.jar:/Users/rahulmendiratta/.m2/repository/org/codehaus/groovy/groovy/2.4.15/groovy-2.4.15.jar:/Users/rahulmendiratta/.m2/repository/org/codehaus/groovy/groovy-xml/2.4.15/groovy-xml-2.4.15.jar:/Users/rahulmendiratta/.m2/repository/org/apache/httpcomponents/httpclient/4.5.3/httpclient-4.5.3.jar:/Users/rahulmendiratta/.m2/repository/org/apache/httpcomponents/httpcore/4.4.6/httpcore-4.4.6.jar:/Users/rahulmendiratta/.m2/repository/commons-logging/commons-logging/1.2/commons-logging-1.2.jar:/Users/rahulmendiratta/.m2/repository/commons-codec/commons-codec/1.9/commons-codec-1.9.jar:/Users/rahulmendiratta/.m2/repository/org/apache/httpcomponents/httpmime/4.5.3/httpmime-4.5.3.jar:/Users/rahulmendiratta/.m2/repository/org/hamcrest/hamcrest-core/1.3/hamcrest-core-1.3.jar:/Users/rahulmendiratta/.m2/repository/org/hamcrest/hamcrest-library/1.3/hamcrest-library-1.3.jar:/Users/rahulmendiratta/.m2/repository/org/ccil/cowan/tagsoup/tagsoup/1.2.1/tagsoup-1.2.1.jar:/Users/rahulmendiratta/.m2/repository/io/rest-assured/json-path/3.3.0/json-path-3.3.0.jar:/Users/rahulmendiratta/.m2/repository/org/codehaus/groovy/groovy-json/2.4.15/groovy-json-2.4.15.jar:/Users/rahulmendiratta/.m2/repository/io/rest-assured/rest-assured-common/3.3.0/rest-assured-common-3.3.0.jar:/Users/rahulmendiratta/.m2/repository/io/rest-assured/xml-path/3.3.0/xml-path-3.3.0.jar:/Users/rahulmendiratta/.m2/repository/org/apache/commons/commons-lang3/3.4/commons-lang3-3.4.jar:/Users/rahulmendiratta/.m2/repository/javax/xml/bind/jaxb-api/2.2.12/jaxb-api-2.2.12.jar:/Users/rahulmendiratta/.m2/repository/com/sun/xml/bind/jaxb-osgi/2.2.10/jaxb-osgi-2.2.10.jar:/Users/rahulmendiratta/.m2/repository/org/apache/sling/org.apache.sling.javax.activation/0.1.0/org.apache.sling.javax.activation-0.1.0.jar:/Users/rahulmendiratta/.m2/repository/javax/activation/activation/1.1.1/activation-1.1.1.jar:/Users/rahulmendiratta/.m2/repository/com/fasterxml/jackson/core/jackson-databind/2.9.4/jackson-databind-2.9.4.jar:/Users/rahulmendiratta/.m2/repository/com/fasterxml/jackson/core/jackson-annotations/2.9.0/jackson-annotations-2.9.0.jar:/Users/rahulmendiratta/.m2/repository/com/fasterxml/jackson/core/jackson-core/2.9.4/jackson-core-2.9.4.jar:"/>
    <property name="java.vm.vendor" value="Oracle Corporation"/>
    <property name="sun.arch.data.model" value="64"/>
    <property name="java.vendor.url" value="http://java.oracle.com/"/>
    <property name="user.timezone" value="Asia/Kolkata"/>
    <property name="user.country.format" value="IN"/>
    <property name="java.vm.specification.version" value="1.8"/>
    <property name="os.name" value="Mac OS X"/>
    <property name="user.country" value="GB"/>
    <property name="sun.java.launcher" value="SUN_STANDARD"/>
    <property name="sun.boot.library.path" value="/Library/Java/JavaVirtualMachines/jdk1.8.0_211.jdk/Contents/Home/jre/lib"/>
    <property name="sun.java.command" value="/Users/rahulmendiratta/Documents/WorkSpace/restAssuredOffice/RestAssuredofficeProject/target/surefire/surefirebooter7921637627727906705.jar /Users/rahulmendiratta/Documents/WorkSpace/restAssuredOffice/RestAssuredofficeProject/target/surefire 2019-12-02T15-38-41_475-jvmRun1 surefire7352434287333051640tmp surefire_07884635170336415108tmp"/>
    <property name="surefire.test.class.path" value="/Users/rahulmendiratta/Documents/WorkSpace/restAssuredOffice/RestAssuredofficeProject/target/test-classes:/Users/rahulmendiratta/Documents/WorkSpace/restAssuredOffice/RestAssuredofficeProject/target/classes:/Users/rahulmendiratta/.m2/repository/org/testng/testng/6.11/testng-6.11.jar:/Users/rahulmendiratta/.m2/repository/com/beust/jcommander/1.64/jcommander-1.64.jar:/Users/rahulmendiratta/.m2/repository/org/yaml/snakeyaml/1.17/snakeyaml-1.17.jar:/Users/rahulmendiratta/.m2/repository/org/uncommons/reportng/1.1.4/reportng-1.1.4.jar:/Users/rahulmendiratta/.m2/repository/velocity/velocity/1.4/velocity-1.4.jar:/Users/rahulmendiratta/.m2/repository/velocity/velocity-dep/1.4/velocity-dep-1.4.jar:/Users/rahulmendiratta/.m2/repository/io/rest-assured/rest-assured/3.3.0/rest-assured-3.3.0.jar:/Users/rahulmendiratta/.m2/repository/org/codehaus/groovy/groovy/2.4.15/groovy-2.4.15.jar:/Users/rahulmendiratta/.m2/repository/org/codehaus/groovy/groovy-xml/2.4.15/groovy-xml-2.4.15.jar:/Users/rahulmendiratta/.m2/repository/org/apache/httpcomponents/httpclient/4.5.3/httpclient-4.5.3.jar:/Users/rahulmendiratta/.m2/repository/org/apache/httpcomponents/httpcore/4.4.6/httpcore-4.4.6.jar:/Users/rahulmendiratta/.m2/repository/commons-logging/commons-logging/1.2/commons-logging-1.2.jar:/Users/rahulmendiratta/.m2/repository/commons-codec/commons-codec/1.9/commons-codec-1.9.jar:/Users/rahulmendiratta/.m2/repository/org/apache/httpcomponents/httpmime/4.5.3/httpmime-4.5.3.jar:/Users/rahulmendiratta/.m2/repository/org/hamcrest/hamcrest-core/1.3/hamcrest-core-1.3.jar:/Users/rahulmendiratta/.m2/repository/org/hamcrest/hamcrest-library/1.3/hamcrest-library-1.3.jar:/Users/rahulmendiratta/.m2/repository/org/ccil/cowan/tagsoup/tagsoup/1.2.1/tagsoup-1.2.1.jar:/Users/rahulmendiratta/.m2/repository/io/rest-assured/json-path/3.3.0/json-path-3.3.0.jar:/Users/rahulmendiratta/.m2/repository/org/codehaus/groovy/groovy-json/2.4.15/groovy-json-2.4.15.jar:/Users/rahulmendiratta/.m2/repository/io/rest-assured/rest-assured-common/3.3.0/rest-assured-common-3.3.0.jar:/Users/rahulmendiratta/.m2/repository/io/rest-assured/xml-path/3.3.0/xml-path-3.3.0.jar:/Users/rahulmendiratta/.m2/repository/org/apache/commons/commons-lang3/3.4/commons-lang3-3.4.jar:/Users/rahulmendiratta/.m2/repository/javax/xml/bind/jaxb-api/2.2.12/jaxb-api-2.2.12.jar:/Users/rahulmendiratta/.m2/repository/com/sun/xml/bind/jaxb-osgi/2.2.10/jaxb-osgi-2.2.10.jar:/Users/rahulmendiratta/.m2/repository/org/apache/sling/org.apache.sling.javax.activation/0.1.0/org.apache.sling.javax.activation-0.1.0.jar:/Users/rahulmendiratta/.m2/repository/javax/activation/activation/1.1.1/activation-1.1.1.jar:/Users/rahulmendiratta/.m2/repository/com/fasterxml/jackson/core/jackson-databind/2.9.4/jackson-databind-2.9.4.jar:/Users/rahulmendiratta/.m2/repository/com/fasterxml/jackson/core/jackson-annotations/2.9.0/jackson-annotations-2.9.0.jar:/Users/rahulmendiratta/.m2/repository/com/fasterxml/jackson/core/jackson-core/2.9.4/jackson-core-2.9.4.jar:"/>
    <property name="sun.cpu.endian" value="little"/>
    <property name="user.home" value="/Users/rahulmendiratta"/>
    <property name="user.language" value="en"/>
    <property name="java.specification.vendor" value="Oracle Corporation"/>
    <property name="java.home" value="/Library/Java/JavaVirtualMachines/jdk1.8.0_211.jdk/Contents/Home/jre"/>
    <property name="basedir" value="/Users/rahulmendiratta/Documents/WorkSpace/restAssuredOffice/RestAssuredofficeProject"/>
    <property name="file.separator" value="/"/>
    <property name="line.separator" value="&#10;"/>
    <property name="java.vm.specification.vendor" value="Oracle Corporation"/>
    <property name="java.specification.name" value="Java Platform API Specification"/>
    <property name="java.awt.graphicsenv" value="sun.awt.CGraphicsEnvironment"/>
    <property name="surefire.real.class.path" value="/Users/rahulmendiratta/Documents/WorkSpace/restAssuredOffice/RestAssuredofficeProject/target/surefire/surefirebooter7921637627727906705.jar"/>
    <property name="sun.boot.class.path" value="/Library/Java/JavaVirtualMachines/jdk1.8.0_211.jdk/Contents/Home/jre/lib/resources.jar:/Library/Java/JavaVirtualMachines/jdk1.8.0_211.jdk/Contents/Home/jre/lib/rt.jar:/Library/Java/JavaVirtualMachines/jdk1.8.0_211.jdk/Contents/Home/jre/lib/sunrsasign.jar:/Library/Java/JavaVirtualMachines/jdk1.8.0_211.jdk/Contents/Home/jre/lib/jsse.jar:/Library/Java/JavaVirtualMachines/jdk1.8.0_211.jdk/Contents/Home/jre/lib/jce.jar:/Library/Java/JavaVirtualMachines/jdk1.8.0_211.jdk/Contents/Home/jre/lib/charsets.jar:/Library/Java/JavaVirtualMachines/jdk1.8.0_211.jdk/Contents/Home/jre/lib/jfr.jar:/Library/Java/JavaVirtualMachines/jdk1.8.0_211.jdk/Contents/Home/jre/classes"/>
    <property name="sun.management.compiler" value="HotSpot 64-Bit Tiered Compilers"/>
    <property name="java.runtime.version" value="1.8.0_211-b12"/>
    <property name="user.name" value="rahulmendiratta"/>
    <property name="path.separator" value=":"/>
    <property name="os.version" value="10.14.5"/>
    <property name="java.endorsed.dirs" value="/Library/Java/JavaVirtualMachines/jdk1.8.0_211.jdk/Contents/Home/jre/lib/endorsed"/>
    <property name="java.runtime.name" value="Java(TM) SE Runtime Environment"/>
    <property name="file.encoding" value="UTF-8"/>
    <property name="java.vm.name" value="Java HotSpot(TM) 64-Bit Server VM"/>
    <property name="localRepository" value="/Users/rahulmendiratta/.m2/repository"/>
    <property name="java.vendor.url.bug" value="http://bugreport.sun.com/bugreport/"/>
    <property name="java.io.tmpdir" value="/var/folders/lk/n8btvqwn3dx8x1w948v5h8g00000gp/T/"/>
    <property name="java.version" value="1.8.0_211"/>
    <property name="user.dir" value="/Users/rahulmendiratta/Documents/WorkSpace/restAssuredOffice/RestAssuredofficeProject"/>
    <property name="os.arch" value="x86_64"/>
    <property name="java.vm.specification.name" value="Java Virtual Machine Specification"/>
    <property name="java.awt.printerjob" value="sun.lwawt.macosx.CPrinterJob"/>
    <property name="sun.os.patch.level" value="unknown"/>
    <property name="java.library.path" value="/Users/rahulmendiratta/Library/Java/Extensions:/Library/Java/Extensions:/Network/Library/Java/Extensions:/System/Library/Java/Extensions:/usr/lib/java:."/>
    <property name="java.vm.info" value="mixed mode"/>
    <property name="java.vendor" value="Oracle Corporation"/>
    <property name="java.vm.version" value="25.211-b12"/>
    <property name="java.ext.dirs" value="/Users/rahulmendiratta/Library/Java/Extensions:/Library/Java/JavaVirtualMachines/jdk1.8.0_211.jdk/Contents/Home/jre/lib/ext:/Library/Java/Extensions:/Network/Library/Java/Extensions:/System/Library/Java/Extensions:/usr/lib/java"/>
    <property name="sun.io.unicode.encoding" value="UnicodeBig"/>
    <property name="java.class.version" value="52.0"/>
  </properties>
  <testcase name="m1" classname="DemoTest" time="0.012"/>
  <testcase name="m2" classname="DemoTest" time="0.019">
    <failure message="expected [Rahul] but found [Test]" type="java.lang.AssertionError"><![CDATA[java.lang.AssertionError: expected [Rahul] but found [Test]
	at DemoTest.m2(DemoTest.java:16)
]]></failure>
  </testcase>
</testsuite>