<?xml version="1.0" encoding="UTF-8"?>
<!-- Generated by org.testng.reporters.JUnitReportReporter -->
<testsuite skipped="1" hostname="197nodnb23095" name="getRequest.RequestSpecBuilderDemo1" tests="2" failures="0" timestamp="18 Mar 2019 10:37:36 GMT" time="2.621" errors="0">
  <testcase name="test2" time="2.621" classname="getRequest.RequestSpecBuilderDemo1"/>
  <testcase name="test1" classname="getRequest.RequestSpecBuilderDemo1">
    <skipped/>
  </testcase> <!-- test1 -->
</testsuite> <!-- getRequest.RequestSpecBuilderDemo1 -->
