<?xml version="1.0" encoding="UTF-8"?>
<!-- Generated by org.testng.reporters.JUnitReportReporter -->
<testsuite skipped="0" hostname="197nodnb23095" name="getRequest.SinpleGetTest" tests="1" failures="0" timestamp="15 Feb 2019 11:53:26 GMT" time="2.821" errors="0">
  <testcase name="GetWeatherDetails" time="2.821" classname="getRequest.SinpleGetTest"/>
</testsuite> <!-- getRequest.SinpleGetTest -->
