<?xml version="1.0" encoding="UTF-8"?>
<!-- Generated by org.testng.reporters.JUnitReportReporter -->
<testsuite skipped="0" hostname="197nodnb23095" name="getRequest.JacksonDemo1" tests="1" failures="0" timestamp="20 Mar 2019 09:15:43 GMT" time="0.000" errors="0">
  <testcase name="convertJavaObjectToJson" time="0.000" classname="getRequest.JacksonDemo1"/>
</testsuite> <!-- getRequest.JacksonDemo1 -->
