<?xml version="1.0" encoding="UTF-8"?>
<!-- Generated by org.testng.reporters.JUnitReportReporter -->
<testsuite skipped="0" hostname="197nodnb23095" name="getRequest.OathTestCase" tests="2" failures="0" timestamp="27 Feb 2019 13:08:57 GMT" time="2.713" errors="0">
  <testcase name="matchCount" time="0.002" classname="getRequest.OathTestCase"/>
  <testcase name="authorise" time="2.711" classname="getRequest.OathTestCase"/>
</testsuite> <!-- getRequest.OathTestCase -->
