<?xml version="1.0" encoding="UTF-8"?>
<!-- Generated by org.testng.reporters.JUnitReportReporter -->
<testsuite skipped="0" hostname="197nodnb23095" name="getRequest.RestAssuredDemo1" tests="2" failures="0" timestamp="01 Mar 2019 13:57:30 GMT" time="4.193" errors="0">
  <testcase name="andPlace" time="4.075" classname="getRequest.RestAssuredDemo1"/>
  <testcase name="deleteplace" time="0.118" classname="getRequest.RestAssuredDemo1"/>
</testsuite> <!-- getRequest.RestAssuredDemo1 -->
